<?xml version="1.0" encoding="UTF-8"?>
<!-- Generated by org.testng.reporters.JUnitXMLReporter -->
<testsuite hostname="RUSSELs-MBP" failures="0" tests="7" name="Default test" time="0.045" errors="0" timestamp="29 Jul 2023 16:48:31 GMT">
  <testcase classname="com.SmokeTest" name="f" time="0.0">
    <skipped/>
  </testcase> <!-- f -->
  <testcase classname="com.SmokeTest" name="test1" time="0.003"/>
  <testcase classname="com.RegressionTest" name="f" time="0.0">
    <skipped/>
  </testcase> <!-- f -->
  <testcase classname="com.RegressionTest" name="test2" time="0.002"/>
  <testcase classname="com.RegressionTest" name="test3" time="0.002"/>
  <testcase classname="com.DbTest" name="f" time="0.0">
    <skipped/>
  </testcase> <!-- f -->
  <testcase classname="com.BaseTest" name="f" time="0.0">
    <skipped/>
  </testcase> <!-- f -->
</testsuite> <!-- Default test -->
